<!DOCTYPE html>
<html>
    <head>
        <meta charset="utf-8">
        <meta name="viewport" content="width=device-width, initial-scale=1.0">
        <title>Another Long Name Because It Is Humorous And Testing Things Like This Is Important</title>
        <link href="http://fonts.googleapis.com/css?family=Roboto:regular,medium,thin,italic,mediumitalic,bold" rel="stylesheet">
        <link href="../../../static/bootstrap.min.css" rel="stylesheet">
        <link href="../../../static/bootstrap-responsive.min.css" rel="stylesheet">
        <link href="../../../static/spoon.css" rel="stylesheet">
        <script src="../../../static/jquery.min.js"></script>
        <script src="../../../static/bootstrap.min.js"></script>
        <meta name="description" content="Test errored in 0 seconds on HTC One V">
    </head>
    <body>
        <div class="container">
            <div class="hero-unit">
                <h1>Another Long Name Because It Is Humorous And Testing Things Like This Is Important</h1>
                <p>Test errored in 0 seconds on HTC One V</p>
            </div>
            <div class="row log">
                <div class="span12">
                    <table class="table table-striped table-hover table-condensed">
                        <thead>
                            <tr>
                                <th>Timestamp</th>
                                <th>Level</th>
                                <th>Tag</th>
                                <th>Message</th>
                            </tr>
                        </thead>
                        <tbody>
                            <tr class="level-info info">
                                <td>02-12 10:28:20.928</td>
                                <td>info</td>
                                <td>TestRunner</td>
                                <td>started: testAnotherLongNameBecauseItIsHumorousAndTestingThingsLikeThisIsImportant(com.example.spoon.ordering.tests.MiscellaneousTest)</td>
                            </tr>
                            <tr class="level-debug ">
                                <td>02-12 10:28:20.958</td>
                                <td>debug</td>
                                <td>dalvikvm</td>
                                <td>GC_EXPLICIT freed 106K, 51% free 3284K/6627K, paused 2ms+2ms</td>
                            </tr>
                            <tr class="level-debug ">
                                <td>02-12 10:28:20.998</td>
                                <td>debug</td>
                                <td>dalvikvm</td>
                                <td>GC_EXPLICIT freed &lt;1K, 51% free 3284K/6627K, paused 2ms+3ms</td>
                            </tr>
                            <tr class="level-info info">
                                <td>02-12 10:28:20.998</td>
                                <td>info</td>
                                <td>TestRunner</td>
                                <td>failed: testAnotherLongNameBecauseItIsHumorousAndTestingThingsLikeThisIsImportant(com.example.spoon.ordering.tests.MiscellaneousTest)</td>
                            </tr>
                            <tr class="level-info info">
                                <td>02-12 10:28:20.998</td>
                                <td>info</td>
                                <td>TestRunner</td>
                                <td>----- begin exception -----</td>
                            </tr>
                            <tr class="level-info info">
                                <td>02-12 10:28:20.998</td>
                                <td>info</td>
                                <td>TestRunner</td>
                                <td>java.lang.IllegalStateException: Explicitly testing unexpected, nested exceptions.</td>
                            </tr>
                            <tr class="level-info info">
                                <td>02-12 10:28:20.998</td>
                                <td>info</td>
                                <td>TestRunner</td>
                                <td>&#9;at com.example.spoon.ordering.tests.MiscellaneousTest.testAnotherLongNameBecauseItIsHumorousAndTestingThingsLikeThisIsImportant(MiscellaneousTest.java:14)</td>
                            </tr>
                            <tr class="level-info info">
                                <td>02-12 10:28:20.998</td>
                                <td>info</td>
                                <td>TestRunner</td>
                                <td>&#9;at java.lang.reflect.Method.invokeNative(Native Method)</td>
                            </tr>
                            <tr class="level-info info">
                                <td>02-12 10:28:20.998</td>
                                <td>info</td>
                                <td>TestRunner</td>
                                <td>&#9;at java.lang.reflect.Method.invoke(Method.java:511)</td>
                            </tr>
                            <tr class="level-info info">
                                <td>02-12 10:28:20.998</td>
                                <td>info</td>
                                <td>TestRunner</td>
                                <td>&#9;at android.test.InstrumentationTestCase.runMethod(InstrumentationTestCase.java:214)</td>
                            </tr>
                            <tr class="level-info info">
                                <td>02-12 10:28:20.998</td>
                                <td>info</td>
                                <td>TestRunner</td>
                                <td>&#9;at android.test.InstrumentationTestCase.runTest(InstrumentationTestCase.java:199)</td>
                            </tr>
                            <tr class="level-info info">
                                <td>02-12 10:28:20.998</td>
                                <td>info</td>
                                <td>TestRunner</td>
                                <td>&#9;at junit.framework.TestCase.runBare(TestCase.java:127)</td>
                            </tr>
                            <tr class="level-info info">
                                <td>02-12 10:28:20.998</td>
                                <td>info</td>
                                <td>TestRunner</td>
                                <td>&#9;at junit.framework.TestResult$1.protect(TestResult.java:106)</td>
                            </tr>
                            <tr class="level-info info">
                                <td>02-12 10:28:20.998</td>
                                <td>info</td>
                                <td>TestRunner</td>
                                <td>&#9;at junit.framework.TestResult.runProtected(TestResult.java:124)</td>
                            </tr>
                            <tr class="level-info info">
                                <td>02-12 10:28:20.998</td>
                                <td>info</td>
                                <td>TestRunner</td>
                                <td>&#9;at junit.framework.TestResult.run(TestResult.java:109)</td>
                            </tr>
                            <tr class="level-info info">
                                <td>02-12 10:28:20.998</td>
                                <td>info</td>
                                <td>TestRunner</td>
                                <td>&#9;at junit.framework.TestCase.run(TestCase.java:118)</td>
                            </tr>
                            <tr class="level-info info">
                                <td>02-12 10:28:20.998</td>
                                <td>info</td>
                                <td>TestRunner</td>
                                <td>&#9;at android.test.AndroidTestRunner.runTest(AndroidTestRunner.java:169)</td>
                            </tr>
                            <tr class="level-info info">
                                <td>02-12 10:28:20.998</td>
                                <td>info</td>
                                <td>TestRunner</td>
                                <td>&#9;at android.test.AndroidTestRunner.runTest(AndroidTestRunner.java:154)</td>
                            </tr>
                            <tr class="level-info info">
                                <td>02-12 10:28:20.998</td>
                                <td>info</td>
                                <td>TestRunner</td>
                                <td>&#9;at android.test.InstrumentationTestRunner.onStart(InstrumentationTestRunner.java:537)</td>
                            </tr>
                            <tr class="level-info info">
                                <td>02-12 10:28:20.998</td>
                                <td>info</td>
                                <td>TestRunner</td>
                                <td>&#9;at com.example.spoon.ordering.tests.SpoonInstrumentationTestRunner.onStart(SpoonInstrumentationTestRunner.java:36)</td>
                            </tr>
                            <tr class="level-info info">
                                <td>02-12 10:28:20.998</td>
                                <td>info</td>
                                <td>TestRunner</td>
                                <td>&#9;at android.app.Instrumentation$InstrumentationThread.run(Instrumentation.java:1677)</td>
                            </tr>
                            <tr class="level-info info">
                                <td>02-12 10:28:20.998</td>
                                <td>info</td>
                                <td>TestRunner</td>
                                <td>Caused by: java.lang.RuntimeException: Messages can have...</td>
                            </tr>
                            <tr class="level-info info">
                                <td>02-12 10:28:20.998</td>
                                <td>info</td>
                                <td>TestRunner</td>
                                <td>...newlines.</td>
                            </tr>
                            <tr class="level-info info">
                                <td>02-12 10:28:20.998</td>
                                <td>info</td>
                                <td>TestRunner</td>
                                <td>&#9;at com.example.spoon.ordering.tests.MiscellaneousTest.testAnotherLongNameBecauseItIsHumorousAndTestingThingsLikeThisIsImportant(MiscellaneousTest.java:12)</td>
                            </tr>
                            <tr class="level-info info">
                                <td>02-12 10:28:20.998</td>
                                <td>info</td>
                                <td>TestRunner</td>
                                <td>&#9;... 14 more</td>
                            </tr>
                            <tr class="level-info info">
                                <td>02-12 10:28:20.998</td>
                                <td>info</td>
                                <td>TestRunner</td>
                                <td>----- end exception -----</td>
                            </tr>
                            <tr class="level-info info">
                                <td>02-12 10:28:21.008</td>
                                <td>info</td>
                                <td>TestRunner</td>
                                <td>finished: testAnotherLongNameBecauseItIsHumorousAndTestingThingsLikeThisIsImportant(com.example.spoon.ordering.tests.MiscellaneousTest)</td>
                            </tr>
                        </tbody>
                    </table>
                </div>
            </div>
        </div>
    </body>
</html>
